<?xml version="1.0" encoding="UTF-8"?>
<testng-results ignored="0" total="3" passed="3" failed="0" skipped="0">
  <reporter-output>
  </reporter-output>
  <suite started-at="2023-08-26T22:30:08 IST" name="Default suite" finished-at="2023-08-26T22:30:26 IST" duration-ms="18676">
    <groups>
    </groups>
    <test started-at="2023-08-26T22:30:08 IST" name="Default test" finished-at="2023-08-26T22:30:26 IST" duration-ms="18676">
      <class name="TestNG.NewTest2">
        <test-method signature="openBrowserAndAppURL()[pri:1, instance:TestNG.NewTest2@72e5a8e]" started-at="2023-08-26T22:30:08 IST" name="openBrowserAndAppURL" finished-at="2023-08-26T22:30:21 IST" duration-ms="13240" status="PASS">
          <reporter-output>
          </reporter-output>
        </test-method> <!-- openBrowserAndAppURL -->
        <test-method signature="validateLoginPageComponent()[pri:2, instance:TestNG.NewTest2@72e5a8e]" started-at="2023-08-26T22:30:21 IST" name="validateLoginPageComponent" finished-at="2023-08-26T22:30:21 IST" duration-ms="126" status="PASS">
          <reporter-output>
          </reporter-output>
        </test-method> <!-- validateLoginPageComponent -->
        <test-method signature="loginInToApplication()[pri:3, instance:TestNG.NewTest2@72e5a8e]" started-at="2023-08-26T22:30:21 IST" name="loginInToApplication" finished-at="2023-08-26T22:30:26 IST" duration-ms="5188" status="PASS">
          <reporter-output>
          </reporter-output>
        </test-method> <!-- loginInToApplication -->
      </class> <!-- TestNG.NewTest2 -->
    </test> <!-- Default test -->
  </suite> <!-- Default suite -->
</testng-results>
