<?xml version="1.0" encoding="UTF-8"?>
<!-- Generated by org.testng.reporters.JUnitXMLReporter -->
<testsuite ignored="0" hostname="DESKTOP-BUKS1N4" failures="0" tests="3" name="Default test" time="18.676" errors="0" timestamp="2023-08-26T22:30:26 IST">
  <testcase classname="TestNG.NewTest2" name="openBrowserAndAppURL" time="13.24"/>
  <testcase classname="TestNG.NewTest2" name="validateLoginPageComponent" time="0.126"/>
  <testcase classname="TestNG.NewTest2" name="loginInToApplication" time="5.188"/>
</testsuite> <!-- Default test -->
